2024-12-30T10:33:06.117Z [[32minfo[39m]: Server started on port 3000
2024-12-30T10:36:08.250Z [[32minfo[39m]: Server started on port 3000
2024-12-30T10:36:24.023Z [[32minfo[39m]: user is logged in : 
2024-12-30T10:36:25.697Z [[32minfo[39m]: Device info saved successfully
2024-12-30T11:42:23.216Z [[32minfo[39m]: Server started on port 3000
2024-12-30T11:42:43.497Z [[32minfo[39m]: user is logged in : 
2024-12-30T11:42:45.407Z [[32minfo[39m]: Device info saved successfully
2024-12-30T12:06:33.120Z [[32minfo[39m]: Server started on port 3000
2024-12-30T15:12:11.678Z [[32minfo[39m]: Server started on port 3000
2024-12-31T03:25:16.054Z [[32minfo[39m]: Server started on port 3000
2024-12-31T03:27:45.234Z [[32minfo[39m]: Server started on port 3000
2024-12-31T03:29:38.758Z [[32minfo[39m]: Server started on port 3000
2024-12-31T03:31:36.710Z [[32minfo[39m]: Server started on port 3000
2024-12-31T03:50:16.586Z [[32minfo[39m]: Server started on port 3000
2024-12-31T03:51:28.402Z [[32minfo[39m]: Server started on port 3000
2024-12-31T03:53:13.324Z [[32minfo[39m]: Server started on port 3000
2024-12-31T03:55:33.436Z [[32minfo[39m]: Server started on port 3000
2024-12-31T04:00:18.349Z [[32minfo[39m]: Server started on port 3000
2024-12-31T04:01:48.586Z [[32minfo[39m]: Server started on port 3000
2024-12-31T04:02:16.843Z [[32minfo[39m]: Server started on port 3000
2024-12-31T04:02:41.540Z [[32minfo[39m]: Server started on port 3000
2024-12-31T04:16:12.402Z [[32minfo[39m]: Server started on port 3000
2024-12-31T04:22:07.814Z [[32minfo[39m]: Server started on port 3000
2024-12-31T04:28:51.646Z [[32minfo[39m]: Server started on port 3000
2024-12-31T04:30:29.963Z [[32minfo[39m]: Server started on port 3000
2024-12-31T04:45:17.801Z [[32minfo[39m]: Server started on port 3000
2024-12-31T04:51:25.317Z [[32minfo[39m]: Server started on port 3000
2024-12-31T04:53:33.345Z [[32minfo[39m]: Server started on port 3000
2024-12-31T05:08:53.549Z [[32minfo[39m]: Server started on port 3000
2024-12-31T05:13:14.797Z [[32minfo[39m]: Server started on port 3000
2024-12-31T11:00:51.187Z [[32minfo[39m]: Server started on port 3000
2024-12-31T11:02:11.044Z [[32minfo[39m]: Server started on port 3000
2024-12-31T11:03:19.506Z [[32minfo[39m]: Server started on port 3000
2024-12-31T11:04:02.911Z [[32minfo[39m]: Server started on port 3000
2024-12-31T11:04:42.468Z [[32minfo[39m]: Server started on port 3000
2024-12-31T12:12:48.857Z [[32minfo[39m]: Server started on port 3000
2024-12-31T12:16:43.590Z [[32minfo[39m]: Server started on port 3000
2024-12-31T12:18:52.227Z [[32minfo[39m]: Server started on port 3000
2024-12-31T12:20:11.292Z [[32minfo[39m]: Server started on port 3000
2024-12-31T12:20:46.461Z [[32minfo[39m]: user is logged in : 
2024-12-31T12:20:48.418Z [[32minfo[39m]: Device info saved successfully
2024-12-31T12:21:58.058Z [[32minfo[39m]: Device info saved successfully
2024-12-31T12:22:07.641Z [[32minfo[39m]: Server started on port 3000
2024-12-31T12:22:19.517Z [[32minfo[39m]: user is logged in : 
2024-12-31T12:22:20.932Z [[32minfo[39m]: Device info saved successfully
2024-12-31T12:22:29.679Z [[32minfo[39m]: Data uploaded successfully
2024-12-31T12:27:15.595Z [[32minfo[39m]: Server started on port 3000
2024-12-31T12:27:24.353Z [[32minfo[39m]: user is logged in : 
2024-12-31T12:27:25.878Z [[32minfo[39m]: Device info saved successfully
2024-12-31T12:27:38.342Z [[32minfo[39m]: Data uploaded successfully
2024-12-31T12:32:01.942Z [[32minfo[39m]: Server started on port 3000
2024-12-31T12:32:12.795Z [[32minfo[39m]: user is logged in : 
2024-12-31T12:32:14.326Z [[32minfo[39m]: Device info saved successfully
2024-12-31T12:32:23.655Z [[32minfo[39m]: Data uploaded successfully
2024-12-31T12:36:46.026Z [[32minfo[39m]: Server started on port 3000
2024-12-31T12:36:54.509Z [[32minfo[39m]: user is logged in : 
2024-12-31T12:36:56.088Z [[32minfo[39m]: Device info saved successfully
2024-12-31T12:37:04.505Z [[32minfo[39m]: Data uploaded successfully
2024-12-31T13:07:45.584Z [[32minfo[39m]: Server started on port 3000
2024-12-31T13:07:53.941Z [[32minfo[39m]: user is logged in : 
2024-12-31T13:08:57.424Z [[32minfo[39m]: Data uploaded successfully
2024-12-31T13:17:59.321Z [[32minfo[39m]: Server started on port 3000
2024-12-31T13:18:09.156Z [[32minfo[39m]: user is logged in : 
2024-12-31T13:18:19.437Z [[32minfo[39m]: Data uploaded successfully
2024-12-31T13:20:53.640Z [[32minfo[39m]: Server started on port 3000
2024-12-31T13:21:03.528Z [[32minfo[39m]: user is logged in : 
2024-12-31T13:21:12.851Z [[32minfo[39m]: Data uploaded successfully
2024-12-31T13:31:56.589Z [[32minfo[39m]: Server started on port 3000
2024-12-31T13:32:05.726Z [[32minfo[39m]: user is logged in : 
2024-12-31T14:07:51.403Z [[32minfo[39m]: Server started on port 3000
2024-12-31T14:07:59.915Z [[32minfo[39m]: user is logged in : 
2024-12-31T14:11:48.789Z [[32minfo[39m]: Device info saved successfully
2024-12-31T14:12:35.687Z [[32minfo[39m]: Device info saved successfully
2024-12-31T14:20:08.352Z [[32minfo[39m]: user is logged in : 
2024-12-31T14:20:11.452Z [[32minfo[39m]: Device info saved successfully
2024-12-31T14:26:39.957Z [[32minfo[39m]: Data uploaded successfully
2024-12-31T14:26:44.382Z [[32minfo[39m]: Device info saved successfully
2024-12-31T14:27:11.123Z [[32minfo[39m]: Device info saved successfully
2024-12-31T14:36:14.560Z [[32minfo[39m]: Server started on port 3000
2024-12-31T14:36:23.600Z [[32minfo[39m]: user is logged in : 
2024-12-31T14:37:48.160Z [[32minfo[39m]: Server started on port 3000
2024-12-31T14:37:57.384Z [[32minfo[39m]: user is logged in : 
2024-12-31T16:17:37.869Z [[32minfo[39m]: Server started on port 3000
2024-12-31T16:21:11.555Z [[32minfo[39m]: Server started on port 3000
2024-12-31T16:21:23.459Z [[32minfo[39m]: user is logged in : 
2024-12-31T16:31:36.234Z [[32minfo[39m]: Server started on port 3000
2024-12-31T16:31:55.021Z [[32minfo[39m]: user is logged in : 
2024-12-31T16:31:59.420Z [[32minfo[39m]: Device info saved successfully
2024-12-31T16:33:00.663Z [[32minfo[39m]: Device info saved successfully
2024-12-31T16:37:42.489Z [[32minfo[39m]: Server started on port 3000
2024-12-31T16:37:51.955Z [[32minfo[39m]: user is logged in : 
2024-12-31T16:37:55.604Z [[32minfo[39m]: Device info saved successfully
2024-12-31T16:58:28.998Z [[32minfo[39m]: Server started on port 3000
2024-12-31T17:00:04.434Z [[32minfo[39m]: Server started on port 3000
2024-12-31T17:00:17.014Z [[32minfo[39m]: user is logged in : 
2024-12-31T17:03:43.415Z [[32minfo[39m]: Server started on port 3000
2024-12-31T17:03:55.247Z [[32minfo[39m]: user is logged in : 
2024-12-31T17:03:56.796Z [[32minfo[39m]: Device info saved successfully
2024-12-31T17:05:03.796Z [[32minfo[39m]: Data uploaded successfully
2024-12-31T17:05:05.697Z [[32minfo[39m]: Device info saved successfully
2024-12-31T17:05:18.047Z [[32minfo[39m]: Device info saved successfully
2024-12-31T17:07:16.829Z [[32minfo[39m]: Data uploaded successfully
2024-12-31T17:07:17.932Z [[32minfo[39m]: Device info saved successfully
2024-12-31T17:08:20.843Z [[32minfo[39m]: Device info saved successfully
2024-12-31T17:15:09.751Z [[32minfo[39m]: Server started on port 3000
2024-12-31T17:15:20.468Z [[32minfo[39m]: user is logged in : 
2024-12-31T17:15:23.339Z [[32minfo[39m]: Device info saved successfully
2024-12-31T17:18:55.839Z [[32minfo[39m]: Device info saved successfully
2024-12-31T17:20:07.987Z [[32minfo[39m]: Device info saved successfully
2024-12-31T17:20:53.588Z [[32minfo[39m]: Device info saved successfully
2024-12-31T17:22:11.659Z [[32minfo[39m]: Device info saved successfully
2024-12-31T17:23:34.211Z [[32minfo[39m]: Device info saved successfully
2024-12-31T17:24:21.264Z [[32minfo[39m]: Device info saved successfully
2024-12-31T17:24:47.314Z [[31merror[39m]: Cannot populate path `gramPanchayat` because it is not in your schema. Set the `strictPopulate` option to false to override.
2024-12-31T17:28:49.354Z [[32minfo[39m]: Server started on port 3000
2024-12-31T17:28:51.680Z [[31merror[39m]: Cannot populate path `gramPanchayat` because it is not in your schema. Set the `strictPopulate` option to false to override.
2024-12-31T17:29:05.930Z [[32minfo[39m]: user is not logged in due to incorrect password : 
2024-12-31T17:29:16.840Z [[32minfo[39m]: user is logged in : 
2024-12-31T17:29:20.781Z [[32minfo[39m]: Device info saved successfully
2024-12-31T17:29:35.043Z [[31merror[39m]: Cannot populate path `gramPanchayat` because it is not in your schema. Set the `strictPopulate` option to false to override.
2024-12-31T17:33:11.025Z [[32minfo[39m]: Server started on port 3000
2024-12-31T17:33:39.602Z [[32minfo[39m]: user is logged in : 
2024-12-31T17:33:42.849Z [[32minfo[39m]: Device info saved successfully
2024-12-31T17:34:01.427Z [[31merror[39m]: Cannot populate path `gramPanchayat` because it is not in your schema. Set the `strictPopulate` option to false to override.
2024-12-31T17:37:31.236Z [[32minfo[39m]: Server started on port 3000
2024-12-31T17:37:46.618Z [[32minfo[39m]: user is logged in : 
2024-12-31T17:37:49.698Z [[32minfo[39m]: Device info saved successfully
2024-12-31T17:41:06.354Z [[32minfo[39m]: Server started on port 3000
2024-12-31T17:41:29.587Z [[32minfo[39m]: user is logged in : 
2024-12-31T17:41:32.785Z [[32minfo[39m]: Device info saved successfully
2024-12-31T17:41:47.266Z [[31merror[39m]: Cannot populate path `gramPanchayat` because it is not in your schema. Set the `strictPopulate` option to false to override.
2024-12-31T17:47:29.612Z [[32minfo[39m]: Server started on port 3000
2024-12-31T17:47:49.529Z [[32minfo[39m]: user is logged in : 
2024-12-31T17:47:52.357Z [[32minfo[39m]: Device info saved successfully
2024-12-31T17:49:09.232Z [[32minfo[39m]: Server started on port 3000
2024-12-31T17:49:30.593Z [[32minfo[39m]: user is logged in : 
2024-12-31T17:49:33.428Z [[32minfo[39m]: Device info saved successfully
2024-12-31T17:49:49.683Z [[32minfo[39m]: Device info saved successfully
2024-12-31T17:50:28.992Z [[32minfo[39m]: Data uploaded successfully
2024-12-31T17:50:32.237Z [[32minfo[39m]: Device info saved successfully
2024-12-31T17:51:24.109Z [[32minfo[39m]: Device info saved successfully
2024-12-31T17:52:07.139Z [[32minfo[39m]: Device info saved successfully
2024-12-31T17:52:16.531Z [[32minfo[39m]: Device info saved successfully
2024-12-31T17:52:31.075Z [[32minfo[39m]: Device info saved successfully
2024-12-31T17:52:51.480Z [[32minfo[39m]: Device info saved successfully
2024-12-31T18:24:50.187Z [[32minfo[39m]: user is logged in : 
2024-12-31T18:24:54.331Z [[32minfo[39m]: Device info saved successfully
2024-12-31T18:25:16.350Z [[32minfo[39m]: Device info saved successfully
2024-12-31T18:33:21.865Z [[32minfo[39m]: Server started on port 3000
2024-12-31T18:33:34.441Z [[32minfo[39m]: user is logged in : 
2024-12-31T18:33:43.778Z [[32minfo[39m]: Device info saved successfully
2024-12-31T18:33:58.742Z [[32minfo[39m]: Device info saved successfully
2025-01-01T02:41:46.208Z [[32minfo[39m]: user is logged in : 
2025-01-01T02:41:51.288Z [[32minfo[39m]: Device info saved successfully
2025-01-01T02:42:12.713Z [[32minfo[39m]: Device info saved successfully
2025-01-01T02:44:59.769Z [[32minfo[39m]: Server started on port 3000
2025-01-01T02:45:09.366Z [[32minfo[39m]: user is logged in : 
2025-01-01T02:45:12.053Z [[32minfo[39m]: Device info saved successfully
2025-01-01T02:45:26.445Z [[32minfo[39m]: Device info saved successfully
2025-01-01T12:00:43.610Z [[32minfo[39m]: Server started on port 3000
2025-01-01T12:00:57.100Z [[32minfo[39m]: user is logged in : 
2025-01-01T12:01:00.007Z [[32minfo[39m]: Device info saved successfully
2025-01-01T12:01:22.015Z [[32minfo[39m]: Device info saved successfully
2025-01-01T12:02:53.941Z [[32minfo[39m]: Server started on port 3000
2025-01-01T12:03:10.282Z [[32minfo[39m]: user is logged in : 
2025-01-01T12:03:12.741Z [[32minfo[39m]: Device info saved successfully
2025-01-01T12:03:33.336Z [[32minfo[39m]: Device info saved successfully
2025-01-01T12:06:27.040Z [[32minfo[39m]: Device info saved successfully
2025-01-01T12:07:00.837Z [[32minfo[39m]: Device info saved successfully
2025-01-01T12:07:34.774Z [[32minfo[39m]: Device info saved successfully
2025-01-01T12:10:21.266Z [[32minfo[39m]: Device info saved successfully
2025-01-01T12:10:59.170Z [[32minfo[39m]: Device info saved successfully
2025-01-01T12:14:58.125Z [[32minfo[39m]: Device info saved successfully
2025-01-01T12:15:16.094Z [[32minfo[39m]: Device info saved successfully
2025-01-01T12:15:48.631Z [[32minfo[39m]: Device info saved successfully
2025-01-01T12:16:39.562Z [[32minfo[39m]: Device info saved successfully
2025-01-01T12:17:06.688Z [[32minfo[39m]: Device info saved successfully
2025-01-01T12:29:57.641Z [[32minfo[39m]: Server started on port 3000
2025-01-01T12:30:24.408Z [[32minfo[39m]: Server started on port 3000
2025-01-01T12:30:40.681Z [[32minfo[39m]: user is logged in : 
2025-01-01T12:30:41.970Z [[32minfo[39m]: Device info saved successfully
2025-01-01T12:30:56.785Z [[32minfo[39m]: Device info saved successfully
2025-01-01T12:37:48.486Z [[32minfo[39m]: Server started on port 3000
2025-01-01T12:37:54.667Z [[32minfo[39m]: Server started on port 3000
2025-01-01T12:38:10.238Z [[32minfo[39m]: user is logged in : 
2025-01-01T12:38:11.850Z [[32minfo[39m]: Device info saved successfully
2025-01-01T12:38:26.628Z [[32minfo[39m]: Device info saved successfully
2025-01-01T12:41:01.443Z [[32minfo[39m]: Server started on port 3000
2025-01-01T12:41:12.698Z [[32minfo[39m]: Server started on port 3000
2025-01-01T12:41:21.662Z [[32minfo[39m]: user is logged in : 
2025-01-01T12:41:22.899Z [[32minfo[39m]: Device info saved successfully
2025-01-01T12:42:04.133Z [[32minfo[39m]: Device info saved successfully
2025-01-01T12:44:19.219Z [[32minfo[39m]: Server started on port 3000
2025-01-01T12:47:16.700Z [[32minfo[39m]: Server started on port 3000
2025-01-01T12:47:30.019Z [[32minfo[39m]: user is logged in : 
2025-01-01T12:50:52.056Z [[32minfo[39m]: Server started on port 3000
2025-01-01T12:51:03.223Z [[32minfo[39m]: Server started on port 3000
2025-01-01T12:51:33.536Z [[32minfo[39m]: Server started on port 3000
2025-01-01T12:51:49.181Z [[32minfo[39m]: Server started on port 3000
2025-01-01T12:52:19.347Z [[32minfo[39m]: Server started on port 3000
2025-01-01T12:52:29.504Z [[32minfo[39m]: user is logged in : 
2025-01-01T13:09:48.038Z [[32minfo[39m]: Server started on port 3000
2025-01-01T13:10:03.109Z [[32minfo[39m]: user is logged in : 
2025-01-01T13:12:58.011Z [[32minfo[39m]: Server started on port 3000
2025-01-01T13:13:10.594Z [[32minfo[39m]: user is logged in : 
2025-01-01T13:15:57.635Z [[32minfo[39m]: Server started on port 3000
2025-01-01T13:16:15.889Z [[32minfo[39m]: user is logged in : 
2025-01-01T13:20:48.577Z [[32minfo[39m]: user is logged in : 
2025-01-01T13:32:17.843Z [[32minfo[39m]: Server started on port 3000
2025-01-01T13:32:31.185Z [[32minfo[39m]: user is logged in : 
2025-01-01T13:39:43.862Z [[32minfo[39m]: Server started on port 3000
2025-01-01T13:39:59.041Z [[32minfo[39m]: user is logged in : 
2025-01-01T13:43:05.942Z [[32minfo[39m]: Server started on port 3000
2025-01-01T13:43:19.082Z [[32minfo[39m]: user is logged in : 
2025-01-01T15:40:58.955Z [[32minfo[39m]: Server started on port 3000
2025-01-01T15:41:18.982Z [[32minfo[39m]: user is logged in : 
2025-01-01T15:42:44.780Z [[32minfo[39m]: Server started on port 3000
2025-01-01T15:43:02.281Z [[32minfo[39m]: user is logged in : 
2025-01-01T15:44:12.936Z [[32minfo[39m]: Server started on port 3000
2025-01-01T15:44:27.590Z [[32minfo[39m]: user is logged in : 
2025-01-01T16:00:16.039Z [[32minfo[39m]: user is logged in : 
2025-01-01T16:18:38.101Z [[32minfo[39m]: Server started on port 3000
2025-01-01T16:18:49.380Z [[32minfo[39m]: user is logged in : 
2025-01-01T16:28:15.097Z [[32minfo[39m]: Server started on port 3000
2025-01-01T16:28:33.514Z [[32minfo[39m]: user is not logged in due to incorrect password : 
2025-01-01T16:28:43.103Z [[32minfo[39m]: user is logged in : 
2025-01-01T16:29:03.732Z [[32minfo[39m]: AWC Is Updated for 
2025-01-01T16:29:33.788Z [[32minfo[39m]: AWC Is Updated for 
2025-01-01T16:30:21.280Z [[32minfo[39m]: Server started on port 3000
2025-01-01T16:30:35.316Z [[32minfo[39m]: user is logged in : 
2025-01-01T16:30:55.845Z [[32minfo[39m]: AWC Is Updated for 
2025-01-01T16:31:49.383Z [[32minfo[39m]: AWC Is Updated for 
2025-01-01T16:34:21.554Z [[32minfo[39m]: AWC Is Updated for 
2025-01-02T02:41:31.040Z [[32minfo[39m]: Server started on port 3000
2025-01-02T02:48:26.161Z [[32minfo[39m]: Server started on port 3000
2025-01-02T02:48:33.520Z [[32minfo[39m]: user is logged in : 
2025-01-02T03:20:50.321Z [[32minfo[39m]: user is logged in : 
2025-01-02T03:20:54.077Z [[32minfo[39m]: Server started on port 3000
2025-01-02T03:21:06.609Z [[32minfo[39m]: user is logged in : 
2025-01-02T10:01:38.799Z [[32minfo[39m]: Server started on port 3000
2025-01-02T10:02:58.632Z [[32minfo[39m]: Server started on port 3000
2025-01-02T10:03:07.521Z [[32minfo[39m]: user is logged in : 
2025-01-02T10:16:03.368Z [[32minfo[39m]: user is logged in : 
2025-01-02T10:23:25.348Z [[32minfo[39m]: AWC Is Updated for 
2025-01-02T11:19:09.025Z [[32minfo[39m]: user is logged in : 
2025-01-02T11:20:14.186Z [[32minfo[39m]: Server started on port 3000
2025-01-02T11:20:20.947Z [[32minfo[39m]: user is logged in : 
2025-01-02T11:35:54.986Z [[32minfo[39m]: user is logged in : 
2025-01-02T11:50:24.169Z [[32minfo[39m]: user is logged in : 
2025-01-02T12:05:25.532Z [[32minfo[39m]: Data uploaded successfully
2025-01-02T12:05:35.220Z [[32minfo[39m]: user is logged in : 
2025-01-02T12:05:57.005Z [[32minfo[39m]: Data uploaded successfully
2025-01-02T12:29:26.935Z [[32minfo[39m]: Server started on port 3000
2025-01-02T12:29:39.928Z [[32minfo[39m]: user is logged in : 
2025-01-02T12:29:51.653Z [[32minfo[39m]: Data uploaded successfully
2025-01-02T13:02:54.176Z [[32minfo[39m]: user is logged in : 
2025-01-02T13:03:06.953Z [[32minfo[39m]: Data uploaded successfully
2025-01-02T13:10:47.208Z [[32minfo[39m]: user is logged in : 
2025-01-02T13:10:57.924Z [[32minfo[39m]: Data uploaded successfully
2025-01-02T13:23:01.171Z [[32minfo[39m]: Server started on port 3000
2025-01-02T13:26:44.817Z [[32minfo[39m]: user is logged in : 
2025-01-02T13:26:57.420Z [[32minfo[39m]: Data uploaded successfully
2025-01-02T13:32:31.516Z [[32minfo[39m]: Server started on port 3000
2025-01-02T13:32:38.725Z [[32minfo[39m]: user is logged in : 
2025-01-02T13:32:49.352Z [[32minfo[39m]: Data uploaded successfully
2025-01-02T13:42:04.948Z [[32minfo[39m]: Server started on port 3000
2025-01-02T13:42:15.352Z [[32minfo[39m]: user is logged in : 
2025-01-02T13:42:25.402Z [[32minfo[39m]: Data uploaded successfully
2025-01-02T13:48:21.419Z [[32minfo[39m]: Server started on port 3000
2025-01-02T13:48:32.423Z [[32minfo[39m]: user is logged in : 
2025-01-02T13:48:42.615Z [[32minfo[39m]: Data uploaded successfully
2025-01-02T13:51:30.088Z [[32minfo[39m]: Server started on port 3000
2025-01-02T13:51:50.050Z [[32minfo[39m]: user is logged in : 
2025-01-02T13:51:59.492Z [[32minfo[39m]: Data uploaded successfully
2025-01-02T14:00:34.500Z [[32minfo[39m]: Server started on port 3000
2025-01-02T14:00:46.157Z [[32minfo[39m]: user is logged in : 
2025-01-02T14:00:58.119Z [[32minfo[39m]: Data uploaded successfully
2025-01-02T14:14:03.472Z [[32minfo[39m]: Server started on port 3000
2025-01-02T14:14:15.209Z [[32minfo[39m]: user is logged in : 
2025-01-02T14:14:25.338Z [[32minfo[39m]: Data uploaded successfully
2025-01-02T14:18:42.318Z [[32minfo[39m]: Server started on port 3000
2025-01-02T14:18:54.039Z [[32minfo[39m]: user is logged in : 
2025-01-02T14:19:03.390Z [[32minfo[39m]: Data uploaded successfully
2025-01-02T14:20:11.580Z [[32minfo[39m]: Server started on port 3000
2025-01-02T14:20:36.043Z [[32minfo[39m]: user is logged in : 
2025-01-02T14:20:46.855Z [[32minfo[39m]: Data uploaded successfully
2025-01-02T14:23:39.468Z [[32minfo[39m]: Server started on port 3000
2025-01-02T14:23:49.591Z [[32minfo[39m]: user is logged in : 
2025-01-02T14:24:00.129Z [[32minfo[39m]: Data uploaded successfully
2025-01-02T14:24:52.693Z [[32minfo[39m]: Server started on port 3000
2025-01-02T14:25:36.044Z [[32minfo[39m]: user is logged in : 
2025-01-02T14:25:45.886Z [[32minfo[39m]: Data uploaded successfully
2025-01-02T14:26:36.580Z [[32minfo[39m]: Server started on port 3000
2025-01-02T14:27:11.122Z [[32minfo[39m]: user is logged in : 
2025-01-02T14:27:19.642Z [[32minfo[39m]: Data uploaded successfully
2025-01-02T14:30:24.809Z [[32minfo[39m]: Server started on port 3000
2025-01-02T14:30:36.192Z [[32minfo[39m]: user is not logged in due to incorrect password : 
2025-01-02T14:30:44.738Z [[32minfo[39m]: user is logged in : 
2025-01-02T14:30:54.453Z [[32minfo[39m]: Data uploaded successfully
2025-01-02T14:39:06.729Z [[32minfo[39m]: Server started on port 3000
2025-01-02T14:40:22.350Z [[32minfo[39m]: user is logged in : 
2025-01-02T14:40:31.890Z [[32minfo[39m]: Data uploaded successfully
2025-01-02T14:42:17.158Z [[32minfo[39m]: AWC Is Updated for 
2025-01-02T14:42:44.945Z [[31merror[39m]: Cannot populate path `ward` because it is not in your schema. Set the `strictPopulate` option to false to override.
2025-01-02T14:47:42.881Z [[32minfo[39m]: Server started on port 3000
2025-01-02T14:47:56.958Z [[32minfo[39m]: user is logged in : 
2025-01-02T14:48:15.229Z [[32minfo[39m]: New AWC Data Is Added For 
2025-01-02T14:51:55.893Z [[32minfo[39m]: Server started on port 3000
2025-01-02T14:52:03.673Z [[32minfo[39m]: user is logged in : 
2025-01-02T14:54:51.611Z [[32minfo[39m]: Server started on port 3000
2025-01-02T14:54:59.582Z [[32minfo[39m]: user is logged in : 
2025-01-02T14:57:49.997Z [[32minfo[39m]: Server started on port 3000
2025-01-02T14:58:00.697Z [[32minfo[39m]: user is logged in : 
2025-01-02T15:05:11.224Z [[32minfo[39m]: Server started on port 3000
2025-01-02T15:05:21.777Z [[32minfo[39m]: user is logged in : 
2025-01-02T15:05:40.411Z [[32minfo[39m]: New AWC Data Is Added For 
2025-01-02T15:09:17.897Z [[32minfo[39m]: Server started on port 3000
2025-01-02T23:55:10.265Z [[32minfo[39m]: Server started on port 3000
2025-01-02T23:55:22.020Z [[32minfo[39m]: user is logged in : 
2025-01-02T23:56:02.476Z [[32minfo[39m]: Data uploaded successfully
2025-01-03T00:05:56.519Z [[32minfo[39m]: user is logged in : 
2025-01-03T00:06:08.791Z [[32minfo[39m]: Data uploaded successfully
